빌드 시작: 2014-08-16 오전 10:28:57
     1>2 노드의 "E:\작품\asjdksdfjg\링크드리스트\링크드리스트\링크드리스트.vcxproj" 프로젝트(build 대상)입니다.
     1>InitializeBuildStatus:
         "AlwaysCreate"이(가) 지정되었기 때문에 "Debug\링크드리스트.unsuccessfulbuild"을(를) 만들고 있습니다.
       ClCompile:
         c:\Program Files (x86)\Microsoft Visual Studio 10.0\VC\bin\CL.exe /c /ZI /nologo /W3 /WX- /Od /Oy- /D WIN32 /D _DEBUG /D _CONSOLE /D _UNICODE /D UNICODE /Gm /EHsc /RTC1 /MDd /GS /fp:precise /Zc:wchar_t /Zc:forScope /Fo"Debug\\" /Fd"Debug\vc100.pdb" /Gd /TC /analyze- /errorReport:prompt real.c
         real.c
     1>e:\작품\asjdksdfjg\링크드리스트\링크드리스트\real.c(76): warning C4033: 'dindexdata'은(는) 값을 반환해야 합니다.
     1>e:\작품\asjdksdfjg\링크드리스트\링크드리스트\real.c(83): warning C4715: 'dindexdata' : 모든 제어 경로에서 값을 반환하지는 않습니다.
       Link:
         c:\Program Files (x86)\Microsoft Visual Studio 10.0\VC\bin\link.exe /ERRORREPORT:PROMPT /OUT:"E:\작품\asjdksdfjg\링크드리스트\Debug\링크드리스트.exe" /INCREMENTAL /NOLOGO kernel32.lib user32.lib gdi32.lib winspool.lib comdlg32.lib advapi32.lib shell32.lib ole32.lib oleaut32.lib uuid.lib odbc32.lib odbccp32.lib /MANIFEST /ManifestFile:"Debug\링크드리스트.exe.intermediate.manifest" /MANIFESTUAC:"level='asInvoker' uiAccess='false'" /DEBUG /PDB:"E:\작품\asjdksdfjg\링크드리스트\Debug\링크드리스트.pdb" /SUBSYSTEM:CONSOLE /TLBID:1 /DYNAMICBASE /NXCOMPAT /IMPLIB:"E:\작품\asjdksdfjg\링크드리스트\Debug\링크드리스트.lib" /MACHINE:X86 Debug\real.obj
         링크드리스트.vcxproj -> E:\작품\asjdksdfjg\링크드리스트\Debug\링크드리스트.exe
       Manifest:
         C:\Program Files (x86)\Microsoft SDKs\Windows\v7.0A\bin\mt.exe /nologo /verbose /out:"E:\작품\asjdksdfjg\링크드리스트\Debug\링크드리스트.exe.manifest" /manifest "Debug\링크드리스트.exe.intermediate.manifest"
       FinalizeBuildStatus:
         "Debug\링크드리스트.unsuccessfulbuild" 파일을 삭제하고 있습니다.
         "Debug\링크드리스트.lastbuildstate"에 연결(touching)하고 있습니다.
     1>"E:\작품\asjdksdfjg\링크드리스트\링크드리스트\링크드리스트.vcxproj" 프로젝트를 빌드했습니다(build 대상).

빌드했습니다.

경과 시간: 00:00:03.30
